<?xml version="1.0" encoding="UTF-8"?>
<!-- Generated by org.testng.reporters.JUnitReportReporter -->
<testsuite hostname="SPARTAN" failures="0" tests="3" name="test.LoginTest" time="3.793" errors="0" timestamp="2022-08-26T20:29:44 IST" skipped="0">
  <testcase classname="test.LoginTest" name="verifyUrlOfPage" time="0.023"/>
  <system-out/>
  <testcase classname="test.LoginTest" name="verifyLoginPageIsDisplayed" time="0.457"/>
  <system-out/>
  <testcase classname="test.LoginTest" name="verifyLogin" time="3.313"/>
  <system-out/>
</testsuite> <!-- test.LoginTest -->
