<?xml version="1.0" encoding="UTF-8"?>
<!-- Generated by org.testng.reporters.JUnitReportReporter -->
<testsuite hostname="SPARTAN" failures="0" tests="2" name="test.PimTest" time="3.274" errors="0" timestamp="2022-08-26T20:29:44 IST" skipped="0">
  <testcase classname="test.PimTest" name="verifyPimPage" time="3.131"/>
  <system-out/>
  <testcase classname="test.PimTest" name="verifyIdCheckBoxIsSelected" time="0.143"/>
  <system-out/>
</testsuite> <!-- test.PimTest -->
